<?xml version="1.0" encoding="UTF-8"?>
<testng-results ignored="0" total="1" passed="1" failed="0" skipped="0">
  <reporter-output>
  </reporter-output>
  <suite started-at="2023-04-02T19:05:28 NZST" name="All Test Suite" finished-at="2023-04-02T19:05:29 NZST" duration-ms="930">
    <groups>
    </groups>
    <test started-at="2023-04-02T19:05:28 NZST" name="Cucumber Assignement tests" finished-at="2023-04-02T19:05:29 NZST" duration-ms="930">
      <class name="com.assignment.RestTest">
        <test-method signature="testResponse()[pri:0, instance:com.assignment.RestTest@7fe8ea47]" started-at="2023-04-02T19:05:28 NZST" name="testResponse" finished-at="2023-04-02T19:05:29 NZST" duration-ms="918" status="PASS">
          <reporter-output>
          </reporter-output>
        </test-method> <!-- testResponse -->
      </class> <!-- com.assignment.RestTest -->
    </test> <!-- Cucumber Assignement tests -->
  </suite> <!-- All Test Suite -->
</testng-results>
