<?xml version="1.0" encoding="UTF-8"?>
<testsuite xmlns:xsi="http://www.w3.org/2001/XMLSchema-instance" xsi:noNamespaceSchemaLocation="https://maven.apache.org/surefire/maven-surefire-plugin/xsd/surefire-test-report-3.0.xsd" version="3.0" name="com.assignment.RestTest" time="1.415" tests="1" errors="0" skipped="0" failures="0">
  <properties>
[...]
</properties>
  <testcase name="testResponse" classname="com.assignment.RestTest" time="1.247">
    <system-out><![CDATA[Promotion: Basic
Descriptions: Lowest position in category
Descriptions: Good position in category
Descriptions: Better position in category
Descriptions: Best position in category 
Includes benefits of Feature 
Highlights listing in search results
Promotion: Gallery
Descriptions: Lowest position in category
Descriptions: Good position in category
Promotion: Feature
Descriptions: Lowest position in category
Descriptions: Good position in category
Descriptions: Better position in category
Descriptions: Best position in category 
Includes benefits of Feature 
Highlights listing in search results
Promotion: Feature Combo
Descriptions: Lowest position in category
Descriptions: Good position in category
Descriptions: Better position in category
Descriptions: Best position in category 
Includes benefits of Feature 
Highlights listing in search results
]]></system-out>
    <system-err><![CDATA[SLF4J: Failed to load class "org.slf4j.impl.StaticLoggerBinder".
SLF4J: Defaulting to no-operation (NOP) logger implementation
SLF4J: See http://www.slf4j.org/codes.html#StaticLoggerBinder for further details.
]]></system-err>
  </testcase>
</testsuite>